c:\users\rob\source\repos\comp345-v2\playerdriver\playerdriver\debug\vc142.pdb
c:\users\rob\source\repos\comp345-v2\playerdriver\playerdriver\debug\vc142.idb
c:\users\rob\source\repos\comp345-v2\playerdriver\playerdriver\debug\playerview.obj
c:\users\rob\source\repos\comp345-v2\playerdriver\playerdriver\debug\playerstrategies.obj
c:\users\rob\source\repos\comp345-v2\playerdriver\playerdriver\debug\playerdriver.obj
c:\users\rob\source\repos\comp345-v2\playerdriver\playerdriver\debug\player.obj
c:\users\rob\source\repos\comp345-v2\playerdriver\playerdriver\debug\mapviewer.obj
c:\users\rob\source\repos\comp345-v2\playerdriver\playerdriver\debug\maploader.obj
c:\users\rob\source\repos\comp345-v2\playerdriver\playerdriver\debug\map.obj
c:\users\rob\source\repos\comp345-v2\playerdriver\playerdriver\debug\gameobservers.obj
c:\users\rob\source\repos\comp345-v2\playerdriver\playerdriver\debug\gamestatisticssubject.obj
c:\users\rob\source\repos\comp345-v2\playerdriver\playerdriver\debug\gamestatisticsobserver.obj
c:\users\rob\source\repos\comp345-v2\playerdriver\playerdriver\debug\country.obj
c:\users\rob\source\repos\comp345-v2\playerdriver\playerdriver\debug\cards.obj
c:\users\rob\source\repos\comp345-v2\playerdriver\playerdriver\debug\biddingfacility.obj
c:\users\rob\source\repos\comp345-v2\playerdriver\playerdriver\debug\gameview.obj
<<<<<<< HEAD
c:\users\rob\source\repos\comp345-v2\playerdriver\playerdriver\debug\gameengine.obj
=======
c:\users\rob\source\repos\comp345-v2\playerdriver\playerdriver\debug\gamecard.obj
>>>>>>> rob-player
c:\users\rob\source\repos\comp345-v2\playerdriver\playerdriver\debug\player.new.obj.enc
c:\users\rob\source\repos\comp345-v2\playerdriver\playerdriver\debug\playerdriver.ilk
c:\users\rob\source\repos\comp345-v2\playerdriver\playerdriver\debug\playerdriver.pdb
c:\users\rob\source\repos\comp345-v2\playerdriver\debug\playerdriver.pdb
c:\users\rob\source\repos\comp345-v2\playerdriver\playerdriver\debug\playerdriver.tlog\cl.command.1.tlog
c:\users\rob\source\repos\comp345-v2\playerdriver\playerdriver\debug\playerdriver.tlog\cl.read.1.tlog
c:\users\rob\source\repos\comp345-v2\playerdriver\playerdriver\debug\playerdriver.tlog\cl.write.1.tlog
c:\users\rob\source\repos\comp345-v2\playerdriver\playerdriver\debug\playerdriver.tlog\link.command.1.tlog
c:\users\rob\source\repos\comp345-v2\playerdriver\playerdriver\debug\playerdriver.tlog\link.read.1.tlog
c:\users\rob\source\repos\comp345-v2\playerdriver\playerdriver\debug\playerdriver.tlog\link.write.1.tlog
